<?xml version="1.0" encoding="UTF-8"?>
<!-- Generated by org.testng.reporters.JUnitReportReporter -->
<testsuite hostname="MCKL-03210" name="tests.Wallet.Eco_Cash.PaymentFailedInEcoCash" tests="1" failures="0" timestamp="5 Oct 2018 13:06:16 GMT" time="11.765" errors="0">
  <testcase name="paymentFailure" time="11.765" classname="tests.Wallet.Eco_Cash.PaymentFailedInEcoCash"/>
</testsuite> <!-- tests.Wallet.Eco_Cash.PaymentFailedInEcoCash -->
